<?xml version="1.0" encoding="UTF-8"?>
<testng-results ignored="0" total="1" passed="1" failed="0" skipped="0">
  <reporter-output>
  </reporter-output>
  <suite started-at="2023-02-22T14:55:05 IST" name="Default suite" finished-at="2023-02-22T14:55:42 IST" duration-ms="37408">
    <groups>
    </groups>
    <test started-at="2023-02-22T14:55:05 IST" name="Default test" finished-at="2023-02-22T14:55:42 IST" duration-ms="37408">
      <class name="testng.Twitter_login">
        <test-method signature="launch()[pri:0, instance:testng.Twitter_login@5c30a9b0]" started-at="2023-02-22T14:55:05 IST" name="launch" finished-at="2023-02-22T14:55:42 IST" duration-ms="37359" status="PASS">
          <reporter-output>
          </reporter-output>
        </test-method> <!-- launch -->
      </class> <!-- testng.Twitter_login -->
    </test> <!-- Default test -->
  </suite> <!-- Default suite -->
</testng-results>
